********************************************
*                                          *
*             TOSSIM Script                *
*                                          *
********************************************
Initializing mac....
Initializing radio channels....
    using topology file: topology.txt
    using noise file: meyer-heavy.txt
Initializing simulator....
Activate debug message on channel init
Activate debug message on channel boot
Activate debug message on channel radio
Activate debug message on channel radio_send
Activate debug message on channel radio_ack
Activate debug message on channel radio_rec
Activate debug message on channel radio_pack
Activate debug message on channel role
Creating node 1...
>>>Will boot at time 0 [sec]
Creating node 2...
>>>Will boot at time 1 [sec]
Creating radio channels...
>>>Setting radio channel from node  1  to node  2  with gain  -60.0  dBm
>>>Setting radio channel from node  2  to node  1  with gain  -60.0  dBm
Initializing Closest Pattern Matching (CPM)...
Reading noise model data file: meyer-heavy.txt
Loading:##Done!
>>>Creating noise model for node: 1
>>>Creating noise model for node: 2
Start simulation with TOSSIM! 



DEBUG (1): Application booted.
DEBUG (1): Preparing the message... 
DEBUG (1): Packet passed to lower layer successfully!
DEBUG (1): >>>Pack
 	 Payload length 5 
	 Payload Sent
		 type: 1 
		 counter: 1 
DEBUG (1): Packet sent...
DEBUG (1): 		 type: 1 
DEBUG (1): 		 counter: 1 
DEBUG (1): 		 value: 0 
DEBUG (2): Application booted.
DEBUG (1): Preparing the message... 
DEBUG (1): Packet passed to lower layer successfully!
DEBUG (1): >>>Pack
 	 Payload length 5 
	 Payload Sent
		 type: 1 
		 counter: 2 
DEBUG (1): Packet sent...
DEBUG (1): 		 type: 1 
DEBUG (1): 		 counter: 2 
DEBUG (1): 		 value: 0 
DEBUG (1): Message acked.
DEBUG (2): Preparing the message... 
DEBUG (2): Packet passed to lower layer successfully!
DEBUG (2): >>>Pack
 	 Payload length 5 
	 Payload Sent
		 type: 2 
		 counter: 2 
		 value: 245 
DEBUG (2): Packet sent...
DEBUG (2): 		 type: 2 
DEBUG (2): 		 counter: 2 
DEBUG (2): 		 value: 245 
DEBUG (2): Message acked.



Simulation finished!

